<?xml version="1.0" encoding="UTF-8"?>
<!-- Generated by org.testng.reporters.JUnitXMLReporter -->
<testsuite ignored="0" hostname="del1-lhp-n78153" failures="0" tests="9" name="ProductInfo Page Test" time="57.485" errors="0" timestamp="2023-09-15T19:11:15 IST">
  <testcase classname="com.qa.opencart.tests.ProductInfoTest" name="productHeaderTest" time="3.44"/>
  <testcase classname="com.qa.opencart.tests.ProductInfoTest" name="productHeaderTest" time="2.536"/>
  <testcase classname="com.qa.opencart.tests.ProductInfoTest" name="productHeaderTest" time="2.152"/>
  <testcase classname="com.qa.opencart.tests.ProductInfoTest" name="productImagesCountTest" time="1.736"/>
  <testcase classname="com.qa.opencart.tests.ProductInfoTest" name="productImagesCountTest" time="2.079"/>
  <testcase classname="com.qa.opencart.tests.ProductInfoTest" name="productImagesCountTest" time="1.793"/>
  <testcase classname="com.qa.opencart.tests.ProductInfoTest" name="productImagesCountTest" time="1.724"/>
  <testcase classname="com.qa.opencart.tests.ProductInfoTest" name="productImagesCountTest" time="1.813"/>
  <testcase classname="com.qa.opencart.tests.ProductInfoTest" name="productInfoTest" time="1.953"/>
</testsuite> <!-- ProductInfo Page Test -->
